<?xml version="1.0" encoding="UTF-8" ?>
<testsuite errors="0" failures="0" hostname="dhcp-128-189-225-203.ubcsecure.wireless.ubc.ca" name="edu.umd.cs.findbugs.ClassScreenerTest" skipped="0" tests="3" time="1.395" timestamp="2014-10-26T22:02:28">
  <properties>
[...]
</properties>
  <testcase classname="edu.umd.cs.findbugs.ClassScreenerTest" name="testEmptyClassScreener" time="1.353" />
  <testcase classname="edu.umd.cs.findbugs.ClassScreenerTest" name="testParticularClassScreener" time="0.001" />
  <testcase classname="edu.umd.cs.findbugs.ClassScreenerTest" name="testParticularPackageScreener" time="0.001" />
  <system-out><![CDATA[]]></system-out>
  <system-err><![CDATA[]]></system-err>
</testsuite>
